[2019-09-24 14:04:44.243] [exthost] [info] extension host started
[2019-09-24 14:04:44.325] [exthost] [info] ExtensionService#_doActivateExtension vscode.debug-auto-launch {"startup":true,"activationEvent":"*"}
[2019-09-24 14:04:44.329] [exthost] [info] ExtensionService#loadCommonJSModule file:///usr/share/code/resources/app/extensions/debug-auto-launch/dist/extension
[2019-09-24 14:04:44.348] [exthost] [info] ExtensionService#_doActivateExtension vscode.emmet {"startup":true,"activationEvent":"*"}
[2019-09-24 14:04:44.348] [exthost] [info] ExtensionService#loadCommonJSModule file:///usr/share/code/resources/app/extensions/emmet/dist/extension
[2019-09-24 14:04:44.624] [exthost] [info] ExtensionService#_doActivateExtension vscode.git {"startup":true,"activationEvent":"*"}
[2019-09-24 14:04:44.624] [exthost] [info] ExtensionService#loadCommonJSModule file:///usr/share/code/resources/app/extensions/git/dist/main
[2019-09-24 14:04:44.897] [exthost] [info] ExtensionService#_doActivateExtension vscode.merge-conflict {"startup":true,"activationEvent":"*"}
[2019-09-24 14:04:44.900] [exthost] [info] ExtensionService#loadCommonJSModule file:///usr/share/code/resources/app/extensions/merge-conflict/dist/extension
[2019-09-24 14:04:44.936] [exthost] [info] ExtensionService#_doActivateExtension 2gua.rainbow-brackets {"startup":true,"activationEvent":"*"}
[2019-09-24 14:04:44.940] [exthost] [info] ExtensionService#loadCommonJSModule file:///home/marcreginald/.vscode/extensions/2gua.rainbow-brackets-0.0.6/out/src/extension
[2019-09-24 14:04:44.945] [exthost] [info] ExtensionService#_doActivateExtension eamodio.gitlens {"startup":true,"activationEvent":"*"}
[2019-09-24 14:04:44.945] [exthost] [info] ExtensionService#loadCommonJSModule file:///home/marcreginald/.vscode/extensions/eamodio.gitlens-10.0.0/dist/extension
[2019-09-24 14:04:45.202] [exthost] [info] ExtensionService#_doActivateExtension Equinusocio.vsc-material-theme {"startup":true,"activationEvent":"*"}
[2019-09-24 14:04:45.202] [exthost] [info] ExtensionService#loadCommonJSModule file:///home/marcreginald/.vscode/extensions/equinusocio.vsc-material-theme-30.0.0/out/src/material.theme.config
[2019-09-24 14:04:45.238] [exthost] [info] ExtensionService#_doActivateExtension esbenp.prettier-vscode {"startup":true,"activationEvent":"*"}
[2019-09-24 14:04:45.238] [exthost] [info] ExtensionService#loadCommonJSModule file:///home/marcreginald/.vscode/extensions/esbenp.prettier-vscode-2.2.2/out/extension
[2019-09-24 14:04:45.834] [exthost] [info] ExtensionService#_doActivateExtension formulahendry.auto-close-tag {"startup":true,"activationEvent":"*"}
[2019-09-24 14:04:45.834] [exthost] [info] ExtensionService#loadCommonJSModule file:///home/marcreginald/.vscode/extensions/formulahendry.auto-close-tag-0.5.6/out/src/extension
[2019-09-24 14:04:45.836] [exthost] [info] ExtensionService#_doActivateExtension formulahendry.auto-rename-tag {"startup":true,"activationEvent":"*"}
[2019-09-24 14:04:45.836] [exthost] [info] ExtensionService#loadCommonJSModule file:///home/marcreginald/.vscode/extensions/formulahendry.auto-rename-tag-0.1.0/out/src/extension
[2019-09-24 14:04:45.840] [exthost] [info] ExtensionService#_doActivateExtension HookyQR.beautify {"startup":true,"activationEvent":"*"}
[2019-09-24 14:04:45.840] [exthost] [info] ExtensionService#loadCommonJSModule file:///home/marcreginald/.vscode/extensions/hookyqr.beautify-1.5.0/extension
[2019-09-24 14:04:45.925] [exthost] [info] ExtensionService#_doActivateExtension naumovs.color-highlight {"startup":true,"activationEvent":"*"}
[2019-09-24 14:04:45.925] [exthost] [info] ExtensionService#loadCommonJSModule file:///home/marcreginald/.vscode/extensions/naumovs.color-highlight-2.3.0/dist/extension
[2019-09-24 14:04:45.956] [exthost] [info] ExtensionService#_doActivateExtension oderwat.indent-rainbow {"startup":true,"activationEvent":"*"}
[2019-09-24 14:04:45.956] [exthost] [info] ExtensionService#loadCommonJSModule file:///home/marcreginald/.vscode/extensions/oderwat.indent-rainbow-7.4.0/out/extension
[2019-09-24 14:04:45.963] [exthost] [info] ExtensionService#_doActivateExtension PKief.material-icon-theme {"startup":true,"activationEvent":"*"}
[2019-09-24 14:04:45.963] [exthost] [info] ExtensionService#loadCommonJSModule file:///home/marcreginald/.vscode/extensions/pkief.material-icon-theme-3.9.0/dist/extension
[2019-09-24 14:04:45.984] [exthost] [info] ExtensionService#_doActivateExtension ritwickdey.LiveServer {"startup":true,"activationEvent":"*"}
[2019-09-24 14:04:45.984] [exthost] [info] ExtensionService#loadCommonJSModule file:///home/marcreginald/.vscode/extensions/ritwickdey.liveserver-5.6.1/out/src/extension
[2019-09-24 14:04:46.579] [exthost] [info] ExtensionService#_doActivateExtension vscode-icons-team.vscode-icons {"startup":true,"activationEvent":"*"}
[2019-09-24 14:04:46.579] [exthost] [info] ExtensionService#loadCommonJSModule file:///home/marcreginald/.vscode/extensions/vscode-icons-team.vscode-icons-9.4.0/dist/src/vscode-icons.bundle.js
[2019-09-24 14:04:46.718] [exthost] [info] ExtensionService#_doActivateExtension Zignd.html-css-class-completion {"startup":true,"activationEvent":"*"}
[2019-09-24 14:04:46.718] [exthost] [info] ExtensionService#loadCommonJSModule file:///home/marcreginald/.vscode/extensions/zignd.html-css-class-completion-1.19.0/out/src/extension
[2019-09-24 14:04:48.141] [exthost] [info] eager extensions activated
[2019-09-24 14:04:49.357] [exthost] [info] ExtensionService#_doActivateExtension vscode.html-language-features {"startup":false,"activationEvent":"onLanguage:html"}
[2019-09-24 14:04:49.359] [exthost] [info] ExtensionService#loadCommonJSModule file:///usr/share/code/resources/app/extensions/html-language-features/client/dist/htmlMain
[2019-09-24 14:04:49.692] [exthost] [info] ExtensionService#_doActivateExtension ecmel.vscode-html-css {"startup":false,"activationEvent":"onLanguage:html"}
[2019-09-24 14:04:49.701] [exthost] [info] ExtensionService#loadCommonJSModule file:///home/marcreginald/.vscode/extensions/ecmel.vscode-html-css-0.2.3/dist/extension
[2019-09-24 14:05:40.040] [exthost] [info] extension host started
[2019-09-24 14:05:40.068] [exthost] [info] ExtensionService#_doActivateExtension vscode.debug-auto-launch {"startup":true,"activationEvent":"*"}
[2019-09-24 14:05:40.069] [exthost] [info] ExtensionService#loadCommonJSModule file:///usr/share/code/resources/app/extensions/debug-auto-launch/dist/extension
[2019-09-24 14:05:40.077] [exthost] [info] ExtensionService#_doActivateExtension vscode.emmet {"startup":true,"activationEvent":"*"}
[2019-09-24 14:05:40.077] [exthost] [info] ExtensionService#loadCommonJSModule file:///usr/share/code/resources/app/extensions/emmet/dist/extension
[2019-09-24 14:05:40.165] [exthost] [info] ExtensionService#_doActivateExtension vscode.git {"startup":true,"activationEvent":"*"}
[2019-09-24 14:05:40.165] [exthost] [info] ExtensionService#loadCommonJSModule file:///usr/share/code/resources/app/extensions/git/dist/main
[2019-09-24 14:05:40.280] [exthost] [info] ExtensionService#_doActivateExtension vscode.merge-conflict {"startup":true,"activationEvent":"*"}
[2019-09-24 14:05:40.280] [exthost] [info] ExtensionService#loadCommonJSModule file:///usr/share/code/resources/app/extensions/merge-conflict/dist/extension
[2019-09-24 14:05:40.287] [exthost] [info] ExtensionService#_doActivateExtension 2gua.rainbow-brackets {"startup":true,"activationEvent":"*"}
[2019-09-24 14:05:40.287] [exthost] [info] ExtensionService#loadCommonJSModule file:///home/marcreginald/.vscode/extensions/2gua.rainbow-brackets-0.0.6/out/src/extension
[2019-09-24 14:05:40.290] [exthost] [info] ExtensionService#_doActivateExtension eamodio.gitlens {"startup":true,"activationEvent":"*"}
[2019-09-24 14:05:40.290] [exthost] [info] ExtensionService#loadCommonJSModule file:///home/marcreginald/.vscode/extensions/eamodio.gitlens-10.0.1/dist/extension
[2019-09-24 14:05:40.423] [exthost] [info] ExtensionService#_doActivateExtension Equinusocio.vsc-material-theme {"startup":true,"activationEvent":"*"}
[2019-09-24 14:05:40.423] [exthost] [info] ExtensionService#loadCommonJSModule file:///home/marcreginald/.vscode/extensions/equinusocio.vsc-material-theme-30.0.0/out/src/material.theme.config
[2019-09-24 14:05:40.433] [exthost] [info] ExtensionService#_doActivateExtension esbenp.prettier-vscode {"startup":true,"activationEvent":"*"}
[2019-09-24 14:05:40.433] [exthost] [info] ExtensionService#loadCommonJSModule file:///home/marcreginald/.vscode/extensions/esbenp.prettier-vscode-2.2.2/out/extension
[2019-09-24 14:05:40.677] [exthost] [info] ExtensionService#_doActivateExtension formulahendry.auto-close-tag {"startup":true,"activationEvent":"*"}
[2019-09-24 14:05:40.677] [exthost] [info] ExtensionService#loadCommonJSModule file:///home/marcreginald/.vscode/extensions/formulahendry.auto-close-tag-0.5.6/out/src/extension
[2019-09-24 14:05:40.678] [exthost] [info] ExtensionService#_doActivateExtension formulahendry.auto-rename-tag {"startup":true,"activationEvent":"*"}
[2019-09-24 14:05:40.678] [exthost] [info] ExtensionService#loadCommonJSModule file:///home/marcreginald/.vscode/extensions/formulahendry.auto-rename-tag-0.1.0/out/src/extension
[2019-09-24 14:05:40.680] [exthost] [info] ExtensionService#_doActivateExtension HookyQR.beautify {"startup":true,"activationEvent":"*"}
[2019-09-24 14:05:40.680] [exthost] [info] ExtensionService#loadCommonJSModule file:///home/marcreginald/.vscode/extensions/hookyqr.beautify-1.5.0/extension
[2019-09-24 14:05:40.742] [exthost] [info] ExtensionService#_doActivateExtension naumovs.color-highlight {"startup":true,"activationEvent":"*"}
[2019-09-24 14:05:40.742] [exthost] [info] ExtensionService#loadCommonJSModule file:///home/marcreginald/.vscode/extensions/naumovs.color-highlight-2.3.0/dist/extension
[2019-09-24 14:05:40.767] [exthost] [info] ExtensionService#_doActivateExtension oderwat.indent-rainbow {"startup":true,"activationEvent":"*"}
[2019-09-24 14:05:40.767] [exthost] [info] ExtensionService#loadCommonJSModule file:///home/marcreginald/.vscode/extensions/oderwat.indent-rainbow-7.4.0/out/extension
[2019-09-24 14:05:40.768] [exthost] [info] ExtensionService#_doActivateExtension PKief.material-icon-theme {"startup":true,"activationEvent":"*"}
[2019-09-24 14:05:40.769] [exthost] [info] ExtensionService#loadCommonJSModule file:///home/marcreginald/.vscode/extensions/pkief.material-icon-theme-3.9.0/dist/extension
[2019-09-24 14:05:40.798] [exthost] [info] ExtensionService#_doActivateExtension ritwickdey.LiveServer {"startup":true,"activationEvent":"*"}
[2019-09-24 14:05:40.798] [exthost] [info] ExtensionService#loadCommonJSModule file:///home/marcreginald/.vscode/extensions/ritwickdey.liveserver-5.6.1/out/src/extension
[2019-09-24 14:05:41.000] [exthost] [info] ExtensionService#_doActivateExtension vscode-icons-team.vscode-icons {"startup":true,"activationEvent":"*"}
[2019-09-24 14:05:41.001] [exthost] [info] ExtensionService#loadCommonJSModule file:///home/marcreginald/.vscode/extensions/vscode-icons-team.vscode-icons-9.4.0/dist/src/vscode-icons.bundle.js
[2019-09-24 14:05:41.097] [exthost] [info] ExtensionService#_doActivateExtension Zignd.html-css-class-completion {"startup":true,"activationEvent":"*"}
[2019-09-24 14:05:41.097] [exthost] [info] ExtensionService#loadCommonJSModule file:///home/marcreginald/.vscode/extensions/zignd.html-css-class-completion-1.19.0/out/src/extension
[2019-09-24 14:05:41.428] [exthost] [info] ExtensionService#_doActivateExtension vscode.npm {"startup":true,"activationEvent":"workspaceContains:package.json"}
[2019-09-24 14:05:41.428] [exthost] [info] ExtensionService#loadCommonJSModule file:///usr/share/code/resources/app/extensions/npm/dist/main
[2019-09-24 14:05:41.875] [exthost] [info] eager extensions activated
[2019-09-24 14:05:46.321] [exthost] [info] ExtensionService#_doActivateExtension vscode.configuration-editing {"startup":false,"activationEvent":"onLanguage:jsonc"}
[2019-09-24 14:05:46.322] [exthost] [info] ExtensionService#loadCommonJSModule file:///usr/share/code/resources/app/extensions/configuration-editing/dist/extension
[2019-09-24 14:05:46.344] [exthost] [info] ExtensionService#_doActivateExtension vscode.json-language-features {"startup":false,"activationEvent":"onLanguage:jsonc"}
[2019-09-24 14:05:46.344] [exthost] [info] ExtensionService#loadCommonJSModule file:///usr/share/code/resources/app/extensions/json-language-features/client/dist/jsonMain
[2019-09-24 14:05:46.452] [exthost] [info] ExtensionService#_doActivateExtension vscode.typescript-language-features {"startup":false,"activationEvent":"onLanguage:jsonc"}
[2019-09-24 14:05:46.452] [exthost] [info] ExtensionService#loadCommonJSModule file:///usr/share/code/resources/app/extensions/typescript-language-features/dist/extension
[2019-09-24 14:05:46.592] [exthost] [info] ExtensionService#_doActivateExtension vscode.grunt {"startup":false,"activationEvent":"onCommand:workbench.action.tasks.runTask"}
[2019-09-24 14:05:46.592] [exthost] [info] ExtensionService#loadCommonJSModule file:///usr/share/code/resources/app/extensions/grunt/dist/main
[2019-09-24 14:05:46.610] [exthost] [info] ExtensionService#_doActivateExtension vscode.gulp {"startup":false,"activationEvent":"onCommand:workbench.action.tasks.runTask"}
[2019-09-24 14:05:46.611] [exthost] [info] ExtensionService#loadCommonJSModule file:///usr/share/code/resources/app/extensions/gulp/dist/main
[2019-09-24 14:05:46.619] [exthost] [info] ExtensionService#_doActivateExtension vscode.jake {"startup":false,"activationEvent":"onCommand:workbench.action.tasks.runTask"}
[2019-09-24 14:05:46.619] [exthost] [info] ExtensionService#loadCommonJSModule file:///usr/share/code/resources/app/extensions/jake/dist/main
[2019-09-24 14:06:37.486] [exthost] [info] extension host started
[2019-09-24 14:06:37.498] [exthost] [info] ExtensionService#_doActivateExtension vscode.debug-auto-launch {"startup":true,"activationEvent":"*"}
[2019-09-24 14:06:37.498] [exthost] [info] ExtensionService#loadCommonJSModule file:///usr/share/code/resources/app/extensions/debug-auto-launch/dist/extension
[2019-09-24 14:06:37.502] [exthost] [info] ExtensionService#_doActivateExtension vscode.emmet {"startup":true,"activationEvent":"*"}
[2019-09-24 14:06:37.502] [exthost] [info] ExtensionService#loadCommonJSModule file:///usr/share/code/resources/app/extensions/emmet/dist/extension
[2019-09-24 14:06:37.546] [exthost] [info] ExtensionService#_doActivateExtension vscode.git {"startup":true,"activationEvent":"*"}
[2019-09-24 14:06:37.546] [exthost] [info] ExtensionService#loadCommonJSModule file:///usr/share/code/resources/app/extensions/git/dist/main
[2019-09-24 14:06:37.642] [exthost] [info] ExtensionService#_doActivateExtension vscode.merge-conflict {"startup":true,"activationEvent":"*"}
[2019-09-24 14:06:37.642] [exthost] [info] ExtensionService#loadCommonJSModule file:///usr/share/code/resources/app/extensions/merge-conflict/dist/extension
[2019-09-24 14:06:37.648] [exthost] [info] ExtensionService#_doActivateExtension 2gua.rainbow-brackets {"startup":true,"activationEvent":"*"}
[2019-09-24 14:06:37.648] [exthost] [info] ExtensionService#loadCommonJSModule file:///home/marcreginald/.vscode/extensions/2gua.rainbow-brackets-0.0.6/out/src/extension
[2019-09-24 14:06:37.650] [exthost] [info] ExtensionService#_doActivateExtension eamodio.gitlens {"startup":true,"activationEvent":"*"}
[2019-09-24 14:06:37.650] [exthost] [info] ExtensionService#loadCommonJSModule file:///home/marcreginald/.vscode/extensions/eamodio.gitlens-10.0.1/dist/extension
[2019-09-24 14:06:37.789] [exthost] [info] ExtensionService#_doActivateExtension Equinusocio.vsc-material-theme {"startup":true,"activationEvent":"*"}
[2019-09-24 14:06:37.789] [exthost] [info] ExtensionService#loadCommonJSModule file:///home/marcreginald/.vscode/extensions/equinusocio.vsc-material-theme-30.0.0/out/src/material.theme.config
[2019-09-24 14:06:37.797] [exthost] [info] ExtensionService#_doActivateExtension esbenp.prettier-vscode {"startup":true,"activationEvent":"*"}
[2019-09-24 14:06:37.797] [exthost] [info] ExtensionService#loadCommonJSModule file:///home/marcreginald/.vscode/extensions/esbenp.prettier-vscode-2.2.2/out/extension
[2019-09-24 14:06:37.973] [exthost] [info] ExtensionService#_doActivateExtension formulahendry.auto-close-tag {"startup":true,"activationEvent":"*"}
[2019-09-24 14:06:37.973] [exthost] [info] ExtensionService#loadCommonJSModule file:///home/marcreginald/.vscode/extensions/formulahendry.auto-close-tag-0.5.6/out/src/extension
[2019-09-24 14:06:37.975] [exthost] [info] ExtensionService#_doActivateExtension formulahendry.auto-rename-tag {"startup":true,"activationEvent":"*"}
[2019-09-24 14:06:37.975] [exthost] [info] ExtensionService#loadCommonJSModule file:///home/marcreginald/.vscode/extensions/formulahendry.auto-rename-tag-0.1.0/out/src/extension
[2019-09-24 14:06:37.977] [exthost] [info] ExtensionService#_doActivateExtension HookyQR.beautify {"startup":true,"activationEvent":"*"}
[2019-09-24 14:06:37.977] [exthost] [info] ExtensionService#loadCommonJSModule file:///home/marcreginald/.vscode/extensions/hookyqr.beautify-1.5.0/extension
[2019-09-24 14:06:38.024] [exthost] [info] ExtensionService#_doActivateExtension naumovs.color-highlight {"startup":true,"activationEvent":"*"}
[2019-09-24 14:06:38.024] [exthost] [info] ExtensionService#loadCommonJSModule file:///home/marcreginald/.vscode/extensions/naumovs.color-highlight-2.3.0/dist/extension
[2019-09-24 14:06:38.048] [exthost] [info] ExtensionService#_doActivateExtension oderwat.indent-rainbow {"startup":true,"activationEvent":"*"}
[2019-09-24 14:06:38.048] [exthost] [info] ExtensionService#loadCommonJSModule file:///home/marcreginald/.vscode/extensions/oderwat.indent-rainbow-7.4.0/out/extension
[2019-09-24 14:06:38.049] [exthost] [info] ExtensionService#_doActivateExtension PKief.material-icon-theme {"startup":true,"activationEvent":"*"}
[2019-09-24 14:06:38.049] [exthost] [info] ExtensionService#loadCommonJSModule file:///home/marcreginald/.vscode/extensions/pkief.material-icon-theme-3.9.0/dist/extension
[2019-09-24 14:06:38.071] [exthost] [info] ExtensionService#_doActivateExtension ritwickdey.LiveServer {"startup":true,"activationEvent":"*"}
[2019-09-24 14:06:38.071] [exthost] [info] ExtensionService#loadCommonJSModule file:///home/marcreginald/.vscode/extensions/ritwickdey.liveserver-5.6.1/out/src/extension
[2019-09-24 14:06:38.311] [exthost] [info] ExtensionService#_doActivateExtension vscode-icons-team.vscode-icons {"startup":true,"activationEvent":"*"}
[2019-09-24 14:06:38.311] [exthost] [info] ExtensionService#loadCommonJSModule file:///home/marcreginald/.vscode/extensions/vscode-icons-team.vscode-icons-9.4.0/dist/src/vscode-icons.bundle.js
[2019-09-24 14:06:38.395] [exthost] [info] ExtensionService#_doActivateExtension Zignd.html-css-class-completion {"startup":true,"activationEvent":"*"}
[2019-09-24 14:06:38.395] [exthost] [info] ExtensionService#loadCommonJSModule file:///home/marcreginald/.vscode/extensions/zignd.html-css-class-completion-1.19.0/out/src/extension
[2019-09-24 14:06:38.625] [exthost] [info] eager extensions activated
